Downloading mojang_1.21.8.jar
Applying patches
Starting org.bukkit.craftbukkit.Main
[WARN] Install JVM debug symbols to improve profile accuracy
[WARN] Install JVM debug symbols to improve profile accuracy
Starting org.bukkit.craftbukkit.Main
[WARN] Install JVM debug symbols to improve profile accuracy
[WARN] Install JVM debug symbols to improve profile accuracy
Starting org.bukkit.craftbukkit.Main
[WARN] Install JVM debug symbols to improve profile accuracy
[WARN] Install JVM debug symbols to improve profile accuracy
2025-11-10T16:40:41.969432470Z Log4j2-AsyncAppenderEventDispatcher-1-Async WARN Advanced terminal features are not available in this environment
[11:40:41 INFO]: [MoonriseCommon] Awaiting termination of worker pool for up to 60s...
[11:40:41 INFO]: [MoonriseCommon] Awaiting termination of I/O pool for up to 60s...
Starting org.bukkit.craftbukkit.Main
[WARN] Install JVM debug symbols to improve profile accuracy
[WARN] Install JVM debug symbols to improve profile accuracy
2025-11-11T05:00:09.691611399Z Log4j2-AsyncAppenderEventDispatcher-1-Async WARN Advanced terminal features are not available in this environment
[00:00:09 INFO]: [MoonriseCommon] Awaiting termination of worker pool for up to 60s...
[00:00:09 INFO]: [MoonriseCommon] Awaiting termination of I/O pool for up to 60s...
Starting org.bukkit.craftbukkit.Main
[WARN] Install JVM debug symbols to improve profile accuracy
[WARN] Install JVM debug symbols to improve profile accuracy
2025-11-12T05:00:08.891729856Z Log4j2-AsyncAppenderEventDispatcher-1-Async WARN Advanced terminal features are not available in this environment
[00:00:08 INFO]: [MoonriseCommon] Awaiting termination of I/O pool for up to 60s...
Starting org.bukkit.craftbukkit.Main
[WARN] Install JVM debug symbols to improve profile accuracy
[WARN] Install JVM debug symbols to improve profile accuracy
2025-11-13T05:00:08.626828809Z Log4j2-AsyncAppenderEventDispatcher-1-Async WARN Advanced terminal features are not available in this environment
[00:00:08 INFO]: [MoonriseCommon] Awaiting termination of worker pool for up to 60s...
[00:00:08 INFO]: [MoonriseCommon] Awaiting termination of I/O pool for up to 60s...
Starting org.bukkit.craftbukkit.Main
[WARN] Install JVM debug symbols to improve profile accuracy
[WARN] Install JVM debug symbols to improve profile accuracy
2025-11-14T05:00:12.604484369Z Log4j2-AsyncAppenderEventDispatcher-1-Async WARN Advanced terminal features are not available in this environment
[00:00:12 INFO]: Waiting for all RegionFile I/O tasks to complete...
[00:00:12 INFO]: All RegionFile I/O tasks to complete
[00:00:12 INFO]: [MoonriseCommon] Awaiting termination of worker pool for up to 60s...
[00:00:12 INFO]: [MoonriseCommon] Awaiting termination of I/O pool for up to 60s...
Starting org.bukkit.craftbukkit.Main
[WARN] Install JVM debug symbols to improve profile accuracy
[WARN] Install JVM debug symbols to improve profile accuracy
2025-11-15T05:00:11.256400733Z Log4j2-AsyncAppenderEventDispatcher-1-Async WARN Advanced terminal features are not available in this environment
[00:00:10 INFO]: [MoonriseCommon] Awaiting termination of worker pool for up to 60s...
[00:00:10 INFO]: [MoonriseCommon] Awaiting termination of I/O pool for up to 60s...
Downloading mojang_1.21.10.jar
Applying patches
Starting org.bukkit.craftbukkit.Main
[WARN] Install JVM debug symbols to improve profile accuracy
[WARN] Install JVM debug symbols to improve profile accuracy
Starting org.bukkit.craftbukkit.Main
[WARN] Install JVM debug symbols to improve profile accuracy
[WARN] Install JVM debug symbols to improve profile accuracy
2025-11-17T05:00:06.523420891Z Log4j2-AsyncAppenderEventDispatcher-1-Async WARN Advanced terminal features are not available in this environment
[00:00:06 INFO]: [MoonriseCommon] Awaiting termination of worker pool for up to 60s...
[00:00:06 INFO]: [MoonriseCommon] Awaiting termination of I/O pool for up to 60s...
Starting org.bukkit.craftbukkit.Main
[WARN] Install JVM debug symbols to improve profile accuracy
[WARN] Install JVM debug symbols to improve profile accuracy
2025-11-18T05:00:11.821494593Z Log4j2-AsyncAppenderEventDispatcher-1-Async WARN Advanced terminal features are not available in this environment
[00:00:11 INFO]: Waiting for all RegionFile I/O tasks to complete...
[00:00:11 INFO]: All RegionFile I/O tasks to complete
[00:00:11 INFO]: [MoonriseCommon] Awaiting termination of worker pool for up to 60s...
[00:00:11 INFO]: [MoonriseCommon] Awaiting termination of I/O pool for up to 60s...
Starting org.bukkit.craftbukkit.Main
[WARN] Install JVM debug symbols to improve profile accuracy
[WARN] Install JVM debug symbols to improve profile accuracy
Starting org.bukkit.craftbukkit.Main
[WARN] Install JVM debug symbols to improve profile accuracy
[WARN] Install JVM debug symbols to improve profile accuracy
2025-11-20T05:00:05.607468772Z Log4j2-AsyncAppenderEventDispatcher-1-Async WARN Advanced terminal features are not available in this environment
[00:00:05 INFO]: Waiting for all RegionFile I/O tasks to complete...
[00:00:05 INFO]: All RegionFile I/O tasks to complete
[00:00:05 INFO]: [MoonriseCommon] Awaiting termination of worker pool for up to 60s...
[00:00:05 INFO]: [MoonriseCommon] Awaiting termination of I/O pool for up to 60s...
Starting org.bukkit.craftbukkit.Main
[WARN] Install JVM debug symbols to improve profile accuracy
[WARN] Install JVM debug symbols to improve profile accuracy
2025-11-21T05:00:05.076967958Z Log4j2-AsyncAppenderEventDispatcher-1-Async WARN Advanced terminal features are not available in this environment
[00:00:04 INFO]: Waiting for all RegionFile I/O tasks to complete...
[00:00:04 INFO]: All RegionFile I/O tasks to complete
[00:00:04 INFO]: [MoonriseCommon] Awaiting termination of worker pool for up to 60s...
[00:00:04 INFO]: [MoonriseCommon] Awaiting termination of I/O pool for up to 60s...
Starting org.bukkit.craftbukkit.Main
[WARN] Install JVM debug symbols to improve profile accuracy
[WARN] Install JVM debug symbols to improve profile accuracy
2025-11-22T05:00:03.972433861Z Log4j2-AsyncAppenderEventDispatcher-1-Async WARN Advanced terminal features are not available in this environment
[00:00:03 INFO]: Waiting for all RegionFile I/O tasks to complete...
[00:00:03 INFO]: All RegionFile I/O tasks to complete
[00:00:03 INFO]: [MoonriseCommon] Awaiting termination of worker pool for up to 60s...
[00:00:03 INFO]: [MoonriseCommon] Awaiting termination of I/O pool for up to 60s...
Applying patches
Starting org.bukkit.craftbukkit.Main
[WARN] Install JVM debug symbols to improve profile accuracy
[WARN] Install JVM debug symbols to improve profile accuracy
2025-11-23T05:00:06.263730146Z Log4j2-AsyncAppenderEventDispatcher-1-Async WARN Advanced terminal features are not available in this environment
[00:00:06 INFO]: [MoonriseCommon] Awaiting termination of I/O pool for up to 60s...
Starting org.bukkit.craftbukkit.Main
[WARN] Install JVM debug symbols to improve profile accuracy
[WARN] Install JVM debug symbols to improve profile accuracy
2025-11-24T05:00:06.440412088Z Log4j2-AsyncAppenderEventDispatcher-1-Async WARN Advanced terminal features are not available in this environment
[00:00:06 INFO]: [MoonriseCommon] Awaiting termination of worker pool for up to 60s...
[00:00:06 INFO]: [MoonriseCommon] Awaiting termination of I/O pool for up to 60s...
Starting org.bukkit.craftbukkit.Main
[WARN] Install JVM debug symbols to improve profile accuracy
[WARN] Install JVM debug symbols to improve profile accuracy
2025-11-25T05:00:05.501621572Z Log4j2-AsyncAppenderEventDispatcher-1-Async WARN Advanced terminal features are not available in this environment
[00:00:05 INFO]: [MoonriseCommon] Awaiting termination of I/O pool for up to 60s...
Starting org.bukkit.craftbukkit.Main
[WARN] Install JVM debug symbols to improve profile accuracy
[WARN] Install JVM debug symbols to improve profile accuracy
2025-11-26T05:00:06.075721402Z Log4j2-AsyncAppenderEventDispatcher-1-Async WARN Advanced terminal features are not available in this environment
[00:00:05 INFO]: [MoonriseCommon] Awaiting termination of I/O pool for up to 60s...
Starting org.bukkit.craftbukkit.Main
[WARN] Install JVM debug symbols to improve profile accuracy
[WARN] Install JVM debug symbols to improve profile accuracy
Incorrect Java version: 21.0.8+9-Ubuntu-0ubuntu124.04.1
jspawnhelper version 21.0.9+10-Ubuntu-124.04
This command is not for general use and should only be run as the result of a call to
ProcessBuilder.start() or Runtime.exec() in a java application
Incorrect Java version: 21.0.8+9-Ubuntu-0ubuntu124.04.1
jspawnhelper version 21.0.9+10-Ubuntu-124.04
This command is not for general use and should only be run as the result of a call to
ProcessBuilder.start() or Runtime.exec() in a java application
Incorrect Java version: 21.0.8+9-Ubuntu-0ubuntu124.04.1
jspawnhelper version 21.0.9+10-Ubuntu-124.04
This command is not for general use and should only be run as the result of a call to
ProcessBuilder.start() or Runtime.exec() in a java application
Incorrect Java version: 21.0.8+9-Ubuntu-0ubuntu124.04.1
jspawnhelper version 21.0.9+10-Ubuntu-124.04
This command is not for general use and should only be run as the result of a call to
ProcessBuilder.start() or Runtime.exec() in a java application
Incorrect Java version: 21.0.8+9-Ubuntu-0ubuntu124.04.1
jspawnhelper version 21.0.9+10-Ubuntu-124.04
This command is not for general use and should only be run as the result of a call to
ProcessBuilder.start() or Runtime.exec() in a java application
2025-11-27T05:00:05.376106416Z Log4j2-AsyncAppenderEventDispatcher-1-Async WARN Advanced terminal features are not available in this environment
[00:00:05 INFO]: [MoonriseCommon] Awaiting termination of worker pool for up to 60s...
[00:00:05 INFO]: [MoonriseCommon] Awaiting termination of I/O pool for up to 60s...
Starting org.bukkit.craftbukkit.Main
2025-11-28T05:00:04.737579368Z Log4j2-AsyncAppenderEventDispatcher-1-Async WARN Advanced terminal features are not available in this environment
[00:00:04 INFO]: All RegionFile I/O tasks to complete
[00:00:04 INFO]: [MoonriseCommon] Awaiting termination of worker pool for up to 60s...
[00:00:04 INFO]: [MoonriseCommon] Awaiting termination of I/O pool for up to 60s...
Starting org.bukkit.craftbukkit.Main
2025-11-29T05:00:09.051845428Z Log4j2-AsyncAppenderEventDispatcher-1-Async WARN Advanced terminal features are not available in this environment
[00:00:08 INFO]: [MoonriseCommon] Awaiting termination of I/O pool for up to 60s...
Starting org.bukkit.craftbukkit.Main
[00:00:07 INFO]: ThreadedAnvilChunkStorage: All dimensions are saved
2025-11-30T05:00:07.370330922Z Log4j2-AsyncAppenderEventDispatcher-1-Async WARN Advanced terminal features are not available in this environment
[00:00:07 INFO]: Waiting for all RegionFile I/O tasks to complete...
[00:00:07 INFO]: All RegionFile I/O tasks to complete
[00:00:07 INFO]: [MoonriseCommon] Awaiting termination of worker pool for up to 60s...
[00:00:07 INFO]: [MoonriseCommon] Awaiting termination of I/O pool for up to 60s...
Starting org.bukkit.craftbukkit.Main
Applying patches
Starting org.bukkit.craftbukkit.Main
2025-12-02T05:00:05.589304676Z Log4j2-AsyncAppenderEventDispatcher-1-Async WARN Advanced terminal features are not available in this environment
[00:00:05 INFO]: [MoonriseCommon] Awaiting termination of worker pool for up to 60s...
[00:00:05 INFO]: [MoonriseCommon] Awaiting termination of I/O pool for up to 60s...
Starting org.bukkit.craftbukkit.Main
2025-12-03T05:00:04.780726245Z Log4j2-AsyncAppenderEventDispatcher-1-Async WARN Advanced terminal features are not available in this environment
[00:00:04 INFO]: ThreadedAnvilChunkStorage: All dimensions are saved
[00:00:04 INFO]: Waiting for all RegionFile I/O tasks to complete...
[00:00:04 INFO]: All RegionFile I/O tasks to complete
[00:00:04 INFO]: [MoonriseCommon] Awaiting termination of worker pool for up to 60s...
[00:00:04 INFO]: [MoonriseCommon] Awaiting termination of I/O pool for up to 60s...
Starting org.bukkit.craftbukkit.Main
Starting org.bukkit.craftbukkit.Main
2025-12-14T02:59:33.594337035Z Log4j2-AsyncAppenderEventDispatcher-1-Async WARN Advanced terminal features are not available in this environment
[21:59:33 INFO]: [MoonriseCommon] Awaiting termination of I/O pool for up to 60s...
Starting org.bukkit.craftbukkit.Main
2025-12-14T03:10:52.362167889Z Log4j2-AsyncAppenderEventDispatcher-1-Async WARN Advanced terminal features are not available in this environment
[22:10:52 INFO]: Waiting for all RegionFile I/O tasks to complete...
[22:10:52 INFO]: All RegionFile I/O tasks to complete
[22:10:52 INFO]: [MoonriseCommon] Awaiting termination of worker pool for up to 60s...
[22:10:52 INFO]: [MoonriseCommon] Awaiting termination of I/O pool for up to 60s...
Starting org.bukkit.craftbukkit.Main
2025-12-14T05:00:04.454278454Z Log4j2-AsyncAppenderEventDispatcher-1-Async WARN Advanced terminal features are not available in this environment
[00:00:04 INFO]: All RegionFile I/O tasks to complete
[00:00:04 INFO]: [MoonriseCommon] Awaiting termination of worker pool for up to 60s...
[00:00:04 INFO]: [MoonriseCommon] Awaiting termination of I/O pool for up to 60s...
Starting org.bukkit.craftbukkit.Main
2025-12-15T05:00:06.317407473Z Log4j2-AsyncAppenderEventDispatcher-1-Async WARN Advanced terminal features are not available in this environment
[00:00:06 INFO]: [MoonriseCommon] Awaiting termination of worker pool for up to 60s...
[00:00:06 INFO]: [MoonriseCommon] Awaiting termination of I/O pool for up to 60s...
Starting org.bukkit.craftbukkit.Main
2025-12-16T05:00:04.666050105Z Log4j2-AsyncAppenderEventDispatcher-1-Async WARN Advanced terminal features are not available in this environment
[00:00:04 INFO]: [MoonriseCommon] Awaiting termination of worker pool for up to 60s...
[00:00:04 INFO]: [MoonriseCommon] Awaiting termination of I/O pool for up to 60s...
Starting org.bukkit.craftbukkit.Main
2025-12-17T05:00:06.399493785Z Log4j2-AsyncAppenderEventDispatcher-1-Async WARN Advanced terminal features are not available in this environment
[00:00:06 INFO]: [MoonriseCommon] Awaiting termination of worker pool for up to 60s...
[00:00:06 INFO]: [MoonriseCommon] Awaiting termination of I/O pool for up to 60s...
Starting org.bukkit.craftbukkit.Main
2025-12-18T05:00:04.785113363Z Log4j2-AsyncAppenderEventDispatcher-1-Async WARN Advanced terminal features are not available in this environment
[00:00:04 INFO]: [MoonriseCommon] Awaiting termination of worker pool for up to 60s...
[00:00:04 INFO]: [MoonriseCommon] Awaiting termination of I/O pool for up to 60s...
Applying patches
Starting org.bukkit.craftbukkit.Main
2025-12-19T05:00:04.865485188Z Log4j2-AsyncAppenderEventDispatcher-1-Async WARN Advanced terminal features are not available in this environment
[00:00:04 INFO]: ThreadedAnvilChunkStorage: All dimensions are saved
[00:00:04 INFO]: Waiting for all RegionFile I/O tasks to complete...
[00:00:04 INFO]: All RegionFile I/O tasks to complete
[00:00:04 INFO]: [MoonriseCommon] Awaiting termination of worker pool for up to 60s...
[00:00:04 INFO]: [MoonriseCommon] Awaiting termination of I/O pool for up to 60s...
Starting org.bukkit.craftbukkit.Main
[00:00:04 INFO]: [MoonriseCommon] Awaiting termination of worker pool for up to 60s...
2025-12-20T05:00:04.142687738Z Log4j2-AsyncAppenderEventDispatcher-1-Async WARN Advanced terminal features are not available in this environment
[00:00:04 INFO]: [MoonriseCommon] Awaiting termination of I/O pool for up to 60s...
Applying patches
Starting org.bukkit.craftbukkit.Main
2025-12-21T05:00:06.514407926Z Log4j2-AsyncAppenderEventDispatcher-1-Async WARN Advanced terminal features are not available in this environment
[00:00:06 INFO]: ThreadedAnvilChunkStorage (DIM1): All chunks are saved
[00:00:06 INFO]: ThreadedAnvilChunkStorage: All dimensions are saved
[00:00:06 INFO]: Waiting for all RegionFile I/O tasks to complete...
[00:00:06 INFO]: All RegionFile I/O tasks to complete
[00:00:06 INFO]: [MoonriseCommon] Awaiting termination of worker pool for up to 60s...
[00:00:06 INFO]: [MoonriseCommon] Awaiting termination of I/O pool for up to 60s...
Starting org.bukkit.craftbukkit.Main
Starting org.bukkit.craftbukkit.Main
2025-12-23T05:00:04.736501297Z Log4j2-AsyncAppenderEventDispatcher-1-Async WARN Advanced terminal features are not available in this environment
[00:00:04 INFO]: All RegionFile I/O tasks to complete
[00:00:04 INFO]: [MoonriseCommon] Awaiting termination of worker pool for up to 60s...
[00:00:04 INFO]: [MoonriseCommon] Awaiting termination of I/O pool for up to 60s...
Starting org.bukkit.craftbukkit.Main
2025-12-24T05:00:04.847483537Z Log4j2-AsyncAppenderEventDispatcher-1-Async WARN Advanced terminal features are not available in this environment
[00:00:04 INFO]: [MoonriseCommon] Awaiting termination of worker pool for up to 60s...
[00:00:04 INFO]: [MoonriseCommon] Awaiting termination of I/O pool for up to 60s...
Starting org.bukkit.craftbukkit.Main
Starting org.bukkit.craftbukkit.Main
2025-12-26T05:00:06.948552086Z Log4j2-AsyncAppenderEventDispatcher-1-Async WARN Advanced terminal features are not available in this environment
[00:00:06 INFO]: Waiting for all RegionFile I/O tasks to complete...
[00:00:06 INFO]: All RegionFile I/O tasks to complete
[00:00:06 INFO]: [MoonriseCommon] Awaiting termination of worker pool for up to 60s...
[00:00:06 INFO]: [MoonriseCommon] Awaiting termination of I/O pool for up to 60s...
Starting org.bukkit.craftbukkit.Main
2025-12-27T05:00:04.821744506Z Log4j2-AsyncAppenderEventDispatcher-1-Async WARN Advanced terminal features are not available in this environment
[00:00:04 INFO]: Waiting for all RegionFile I/O tasks to complete...
[00:00:04 INFO]: All RegionFile I/O tasks to complete
[00:00:04 INFO]: [MoonriseCommon] Awaiting termination of worker pool for up to 60s...
[00:00:04 INFO]: [MoonriseCommon] Awaiting termination of I/O pool for up to 60s...
Starting org.bukkit.craftbukkit.Main
[00:00:06 INFO]: [MoonriseCommon] Awaiting termination of I/O pool for up to 60s...
Starting org.bukkit.craftbukkit.Main
2025-12-29T05:00:05.490888411Z Log4j2-AsyncAppenderEventDispatcher-1-Async WARN Advanced terminal features are not available in this environment
[00:00:05 INFO]: [MoonriseCommon] Awaiting termination of I/O pool for up to 60s...
Starting org.bukkit.craftbukkit.Main
2025-12-30T05:00:05.842169312Z Log4j2-AsyncAppenderEventDispatcher-1-Async WARN Advanced terminal features are not available in this environment
[00:00:05 INFO]: All RegionFile I/O tasks to complete
[00:00:05 INFO]: [MoonriseCommon] Awaiting termination of worker pool for up to 60s...
[00:00:05 INFO]: [MoonriseCommon] Awaiting termination of I/O pool for up to 60s...
Starting org.bukkit.craftbukkit.Main
2025-12-31T05:00:05.002479731Z Log4j2-AsyncAppenderEventDispatcher-1-Async WARN Advanced terminal features are not available in this environment
[00:00:04 INFO]: All RegionFile I/O tasks to complete
[00:00:04 INFO]: [MoonriseCommon] Awaiting termination of worker pool for up to 60s...
[00:00:04 INFO]: [MoonriseCommon] Awaiting termination of I/O pool for up to 60s...
Downloading mojang_1.21.11.jar
Applying patches
Starting org.bukkit.craftbukkit.Main
Starting org.bukkit.craftbukkit.Main
[00:00:05 INFO]: Waiting for all RegionFile I/O tasks to complete...
[00:00:05 INFO]: All RegionFile I/O tasks to complete
[00:00:05 INFO]: [MoonriseCommon] Awaiting termination of worker pool for up to 60s...
[00:00:05 INFO]: [MoonriseCommon] Awaiting termination of I/O pool for up to 60s...
Starting org.bukkit.craftbukkit.Main
[00:00:05 INFO]: [MoonriseCommon] Awaiting termination of worker pool for up to 60s...
[00:00:05 INFO]: [MoonriseCommon] Awaiting termination of I/O pool for up to 60s...
Starting org.bukkit.craftbukkit.Main
[00:00:07 INFO]: [MoonriseCommon] Awaiting termination of worker pool for up to 60s...
[00:00:07 INFO]: [MoonriseCommon] Awaiting termination of I/O pool for up to 60s...
Starting org.bukkit.craftbukkit.Main
Starting org.bukkit.craftbukkit.Main
Starting org.bukkit.craftbukkit.Main
Starting org.bukkit.craftbukkit.Main
Starting org.bukkit.craftbukkit.Main
Starting org.bukkit.craftbukkit.Main
[00:00:05 INFO]: [MoonriseCommon] Awaiting termination of I/O pool for up to 60s...
Starting org.bukkit.craftbukkit.Main
Starting org.bukkit.craftbukkit.Main
[00:00:04 INFO]: All RegionFile I/O tasks to complete
[00:00:04 INFO]: [MoonriseCommon] Awaiting termination of worker pool for up to 60s...
[00:00:04 INFO]: [MoonriseCommon] Awaiting termination of I/O pool for up to 60s...
Starting org.bukkit.craftbukkit.Main
Starting org.bukkit.craftbukkit.Main
[00:00:05 INFO]: [MoonriseCommon] Awaiting termination of worker pool for up to 60s...
[00:00:05 INFO]: [MoonriseCommon] Awaiting termination of I/O pool for up to 60s...
Starting org.bukkit.craftbukkit.Main
#
# A fatal error has been detected by the Java Runtime Environment:
#
#  SIGSEGV (0xb) at pc=0x000071efd7cbb240, pid=2098258, tid=2098283
#
# JRE version:  (21.0.9+10) (build )
# Java VM: OpenJDK 64-Bit Server VM (21.0.9+10-Ubuntu-124.04, mixed mode, sharing, tiered, compressed oops, compressed class ptrs, g1 gc, linux-amd64)
# Problematic frame:
# C  [libc.so.6+0xbb240]
#
# Core dump will be written. Default location: Core dumps may be processed with "/usr/share/apport/apport -p%p -s%s -c%c -d%d -P%P -u%u -g%g -F%F -- %E" (or dumping to /home/djvemo/maincra-paper/core.2098258)
#
# An error report file with more information is saved as:
# /home/djvemo/maincra-paper/hs_err_pid2098258.log
#
#
