[00:00:04] [Server thread/INFO]: Stopping the server
[00:00:04] [Server thread/INFO]: Stopping server
[00:00:04] [Server thread/INFO]: [SkinsRestorer] Disabling SkinsRestorer v15.9.3
[00:00:04] [Server thread/INFO]: [TAB] Disabling TAB v5.3.2
[00:00:04] [Server thread/INFO]: [DiscordSRV] Disabling DiscordSRV v1.30.1
[00:00:07] [DiscordSRV - Shutdown/INFO]: [DiscordSRV] Apagado completado en 3087ms
[00:00:07] [Server thread/INFO]: [Geyser-Spigot] Disabling Geyser-Spigot v2.9.0-SNAPSHOT
[00:00:08] [Server thread/INFO]: [Geyser-Spigot] Apagando Geyser.
[00:00:09] [Server thread/INFO]: [Geyser-Spigot] Geyser ha sido apagado correctamente.
[00:00:09] [Server thread/INFO]: [JukeBox] Disabling JukeBox v1.20.13
[00:00:09] [Server thread/INFO]: [ViaBackwards] Disabling ViaBackwards v5.5.1
[00:00:09] [Server thread/INFO]: [Vault] Disabling Vault v2.17.0
[00:00:09] [Server thread/INFO]: [PlaceholderAPI] Unregistered placeholder expansion vault
[00:00:09] [Server thread/INFO]: [PlaceholderAPI] Reason: required plugin Vault was disabled.
[00:00:09] [Server thread/INFO]: [NoteBlockAPI] Disabling NoteBlockAPI v1.6.3
[00:00:09] [Server thread/INFO]: [LuckPerms] Disabling LuckPerms v5.5.20
[00:00:09] [Server thread/INFO]: [LuckPerms] Starting shutdown process...
[00:00:09] [Server thread/INFO]: [LuckPerms] Closing storage...
[00:00:11] [Server thread/INFO]: [LuckPerms] Goodbye!
[00:00:11] [Server thread/INFO]: [PlaceholderAPI] Disabling PlaceholderAPI v2.11.7
[00:00:11] [Server thread/INFO]: [ViaVersion] Disabling ViaVersion v5.5.1
[00:00:11] [Server thread/INFO]: [ViaVersion] ViaVersion has been disabled; uninjected the platform and shut down the scheduler.
[00:00:11] [Server thread/INFO]: Saving players
[00:00:11] [Server thread/INFO]: Saving worlds
[00:00:11] [Server thread/INFO]: Saving chunks for level 'ServerLevel[survival]'/minecraft:overworld
[00:00:11] [Server thread/INFO]: [ChunkHolderManager] Waiting 60s for chunk system to halt for world 'survival'
[00:00:11] [Server thread/INFO]: [ChunkHolderManager] Halted chunk system for world 'survival'
[00:00:11] [Server thread/INFO]: [ChunkHolderManager] Saving all chunkholders for world 'survival'
[00:00:11] [Server thread/INFO]: [ChunkHolderManager] Saved 0 block chunks, 0 entity chunks, 0 poi chunks in world 'survival' in 0.12s
[00:00:11] [Server thread/INFO]: [ChunkHolderManager] Waiting 60s for chunk I/O to halt for world 'survival'
[00:00:11] [Server thread/INFO]: [ChunkHolderManager] Halted I/O scheduler for world 'survival'
[00:00:12] [Server thread/INFO]: Saving chunks for level 'ServerLevel[survival_nether]'/minecraft:the_nether
[00:00:12] [Server thread/INFO]: [ChunkHolderManager] Waiting 60s for chunk system to halt for world 'survival_nether'
[00:00:12] [Server thread/INFO]: [ChunkHolderManager] Halted chunk system for world 'survival_nether'
[00:00:12] [Server thread/INFO]: [ChunkHolderManager] Saving all chunkholders for world 'survival_nether'
[00:00:12] [Server thread/INFO]: [ChunkHolderManager] Saved 0 block chunks, 0 entity chunks, 0 poi chunks in world 'survival_nether' in 0.00s
[00:00:12] [Server thread/INFO]: [ChunkHolderManager] Waiting 60s for chunk I/O to halt for world 'survival_nether'
[00:00:12] [Server thread/INFO]: [ChunkHolderManager] Halted I/O scheduler for world 'survival_nether'
[00:00:12] [Server thread/INFO]: Saving chunks for level 'ServerLevel[survival_the_end]'/minecraft:the_end
[00:00:12] [Server thread/INFO]: [ChunkHolderManager] Waiting 60s for chunk system to halt for world 'survival_the_end'
[00:00:12] [Server thread/INFO]: [ChunkHolderManager] Halted chunk system for world 'survival_the_end'
[00:00:12] [Server thread/INFO]: [ChunkHolderManager] Saving all chunkholders for world 'survival_the_end'
[00:00:12] [Server thread/INFO]: [ChunkHolderManager] Saved 0 block chunks, 0 entity chunks, 0 poi chunks in world 'survival_the_end' in 0.00s
[00:00:12] [Server thread/INFO]: [ChunkHolderManager] Waiting 60s for chunk I/O to halt for world 'survival_the_end'
[00:00:12] [Server thread/INFO]: [ChunkHolderManager] Halted I/O scheduler for world 'survival_the_end'
[00:00:12] [Server thread/INFO]: ThreadedAnvilChunkStorage (survival): All chunks are saved
[00:00:12] [Server thread/INFO]: ThreadedAnvilChunkStorage (DIM-1): All chunks are saved
[00:00:12] [Server thread/INFO]: ThreadedAnvilChunkStorage (DIM1): All chunks are saved
[00:00:12] [Server thread/INFO]: ThreadedAnvilChunkStorage: All dimensions are saved
[00:00:12] [Server thread/INFO]: Waiting for all RegionFile I/O tasks to complete...
[00:00:12] [Server thread/INFO]: All RegionFile I/O tasks to complete
[00:00:12] [Server thread/INFO]: [MoonriseCommon] Awaiting termination of worker pool for up to 60s...
[00:00:12] [Server thread/INFO]: [MoonriseCommon] Awaiting termination of I/O pool for up to 60s...
